#
# A fatal error has been detected by the Java Runtime Environment:
#
#  SIGSEGV (0xb) at pc=0x00007fafeef94ac7, pid=31580, tid=140395124332288
#
# JRE version: OpenJDK Runtime Environment (8.0_91-b14) (build 1.8.0_91-b14)
# Java VM: OpenJDK 64-Bit Server VM (25.91-b14 mixed mode linux-amd64 compressed oops)
# Problematic frame:
# C  [libtesseract.so.3.0.4+0xbdac7]  tesseract::Tesseract::recog_all_words(PAGE_RES*, ETEXT_DESC*, TBOX const*, char const*, int)+0x5e7
#
# Failed to write core dump. Core dumps have been disabled. To enable core dumping, try "ulimit -c unlimited" before starting Java again
#
# If you would like to submit a bug report, please visit:
#   http://bugreport.java.com/bugreport/crash.jsp
# The crash happened outside the Java Virtual Machine in native code.
# See problematic frame for where to report the bug.
#

---------------  T H R E A D  ---------------

Current thread (0x00007fb040009800):  JavaThread "main" [_thread_in_native, id=31587, stack(0x00007fb049739000,0x00007fb04983a000)]

siginfo: si_signo: 11 (SIGSEGV), si_code: 1 (SEGV_MAPERR), si_addr: 0x000000000000000c

Registers:
RAX=0x0000000000000000, RBX=0x00007fb049837620, RCX=0x0000000000000000, RDX=0x0000000000000000
RSP=0x00007fb0498375d0, RBP=0x00007fb04062d150, RSI=0x0000000000000000, RDI=0x00007fb0498376e0
R8 =0x0000000000000000, R9 =0x0000000000000000, R10=0x00007fb041afb6b0, R11=0x00007fb041af43a0
R12=0x00007fb041ad2370, R13=0x0000000000000000, R14=0x0000000000000000, R15=0x00007fb041ad2370
RIP=0x00007fafeef94ac7, EFLAGS=0x0000000000010246, CSGSFS=0x0000000000000033, ERR=0x0000000000000004
  TRAPNO=0x000000000000000e

Top of Stack: (sp=0x00007fb0498375d0)
0x00007fb0498375d0:   0000000000000000 0000000000000000
0x00007fb0498375e0:   00007fb0406bc390 00007fb041ac7af0
0x00007fb0498375f0:   00007fb041ab6ae0 00007fb041aecdc0
0x00007fb049837600:   0000000000000000 00007fb049837630
0x00007fb049837610:   00007fb0406bc390 00007fafef0f0aa0
0x00007fb049837620:   00007fb041ad2370 0000000000000000
0x00007fb049837630:   0000000000000000 0000000000000000
0x00007fb049837640:   00007fb041ac6000 00007fb041ac8490
0x00007fb049837650:   00007fb041aecdc0 00007fb041afa710
0x00007fb049837660:   00007fb041ac8490 00007fb041aecdc0
0x00007fb049837670:   00007fb041ad2378 00007fb041aecdc0
0x00007fb049837680:   00007fb041aecdc0 00007fb041aecdc0
0x00007fb049837690:   00007fb041ad0000 00007fb041aecdc0
0x00007fb0498376a0:   0000000000000000 00007fb041aecde8
0x00007fb0498376b0:   00007fb041ac7af0 00007fb041ac8490
0x00007fb0498376c0:   00007fb041af4480 00007fb040620000
0x00007fb0498376d0:   00007fb041ac8490 00007fb041ad2300
0x00007fb0498376e0:   00007fb041ac84b0 00007fb041afa710
0x00007fb0498376f0:   00007fb0406b1cf0 00007fb040678670
0x00007fb049837700:   0000000000000000 00007fb041ac6000
0x00007fb049837710:   0000000000000001 d70c964c4a47d800
0x00007fb049837720:   0000000000000000 00007fb0406264b0
0x00007fb049837730:   00007fb0498377b0 00000000ffffffff
0x00007fb049837740:   0000000000000000 00007fb041ad2370
0x00007fb049837750:   00007fb041ad2370 00007fafeef7f055
0x00007fb049837760:   00007fb049837800 00007fb049838240
0x00007fb049837770:   00007fafeef82c01 d70c964c4a47d800
0x00007fb049837780:   00000000de80f7d8 00007fb0406264b0
0x00007fb049837790:   0000000000000000 00007fb0498381f0
0x00007fb0498377a0:   00007fb049837750 0000000000000001
0x00007fb0498377b0:   00007fb049837800 00007fafeef8032c
0x00007fb0498377c0:   00007fb0498377c0 d70c964c4a47d800 

Instructions: (pc=0x00007fafeef94ac7)
0x00007fafeef94aa7:   5f fd ff 41 83 fe 01 0f 84 ec fb ff ff e9 b9 fa
0x00007fafeef94ab7:   ff ff 0f 1f 80 00 00 00 00 48 8b 85 10 0b 00 00
0x00007fafeef94ac7:   80 78 0c 00 0f 84 9f fd ff ff 48 89 ef e8 67 5d
0x00007fafeef94ad7:   fd ff e9 92 fd ff ff 4c 89 e6 48 89 ef e8 57 40 

Register to memory mapping:

RAX=0x0000000000000000 is an unknown value
RBX=0x00007fb049837620 is pointing into the stack for thread: 0x00007fb040009800
RCX=0x0000000000000000 is an unknown value
RDX=0x0000000000000000 is an unknown value
RSP=0x00007fb0498375d0 is pointing into the stack for thread: 0x00007fb040009800
RBP=0x00007fb04062d150 is an unknown value
RSI=0x0000000000000000 is an unknown value
RDI=0x00007fb0498376e0 is pointing into the stack for thread: 0x00007fb040009800
R8 =0x0000000000000000 is an unknown value
R9 =0x0000000000000000 is an unknown value
R10=0x00007fb041afb6b0 is an unknown value
R11=0x00007fb041af43a0 is an unknown value
R12=0x00007fb041ad2370 is an unknown value
R13=0x0000000000000000 is an unknown value
R14=0x0000000000000000 is an unknown value
R15=0x00007fb041ad2370 is an unknown value


Stack: [0x00007fb049739000,0x00007fb04983a000],  sp=0x00007fb0498375d0,  free space=1017k
Native frames: (J=compiled Java code, j=interpreted, Vv=VM code, C=native code)
C  [libtesseract.so.3.0.4+0xbdac7]  tesseract::Tesseract::recog_all_words(PAGE_RES*, ETEXT_DESC*, TBOX const*, char const*, int)+0x5e7

Java frames: (J=compiled Java code, j=interpreted, Vv=VM code)
j  com.sun.jna.Native.invokePointer(JI[Ljava/lang/Object;)J+0
j  com.sun.jna.Function.invokePointer(I[Ljava/lang/Object;)Lcom/sun/jna/Pointer;+6
j  com.sun.jna.Function.invoke([Ljava/lang/Object;Ljava/lang/Class;Z)Ljava/lang/Object;+414
j  com.sun.jna.Function.invoke(Ljava/lang/reflect/Method;[Ljava/lang/Class;Ljava/lang/Class;[Ljava/lang/Object;Ljava/util/Map;)Ljava/lang/Object;+249
j  com.sun.jna.Library$Handler.invoke(Ljava/lang/Object;Ljava/lang/reflect/Method;[Ljava/lang/Object;)Ljava/lang/Object;+348
j  com.sun.proxy.$Proxy0.TessBaseAPIGetUTF8Text(Lnet/sourceforge/tess4j/ITessAPI$TessBaseAPI;)Lcom/sun/jna/Pointer;+16
j  net.sourceforge.tess4j.Tesseract.getOCRText(Ljava/lang/String;I)Ljava/lang/String;+62
j  net.sourceforge.tess4j.Tesseract.doOCR(Ljava/util/List;Ljava/lang/String;Ljava/awt/Rectangle;)Ljava/lang/String;+69
j  net.sourceforge.tess4j.Tesseract.doOCR(Ljava/util/List;Ljava/awt/Rectangle;)Ljava/lang/String;+4
j  net.sourceforge.tess4j.Tesseract.doOCR(Ljava/awt/image/BufferedImage;Ljava/awt/Rectangle;)Ljava/lang/String;+6
j  net.sourceforge.tess4j.Tesseract.doOCR(Ljava/awt/image/BufferedImage;)Ljava/lang/String;+3
j  com.unounocuatro.ducit.processors.DefaultProcessor.doProcess(Ljava/awt/image/BufferedImage;)V+16
j  com.unounocuatro.ducit.engines.DefaultEngine.process()V+8
j  com.unounocuatro.ducit.engines.DefaultEngine.scan(Ljava/lang/String;)V+18
j  com.unounocuatro.ducit.ducit.App.main([Ljava/lang/String;)V+7
v  ~StubRoutines::call_stub

---------------  P R O C E S S  ---------------

Java Threads: ( => current thread )
  0x00007fb040416800 JavaThread "process reaper" daemon [_thread_blocked, id=31604, stack(0x00007fb0300b8000,0x00007fb0300f1000)]
  0x00007fb0403c9800 JavaThread "Java2D Disposer" daemon [_thread_blocked, id=31602, stack(0x00007fb0300f1000,0x00007fb0301f2000)]
  0x00007fb0400e1800 JavaThread "Service Thread" daemon [_thread_blocked, id=31600, stack(0x00007fb0302f3000,0x00007fb0303f4000)]
  0x00007fb0400ce000 JavaThread "C1 CompilerThread2" daemon [_thread_blocked, id=31599, stack(0x00007fb0303f4000,0x00007fb0304f5000)]
  0x00007fb0400cc800 JavaThread "C2 CompilerThread1" daemon [_thread_blocked, id=31598, stack(0x00007fb0304f5000,0x00007fb0305f6000)]
  0x00007fb0400bf000 JavaThread "C2 CompilerThread0" daemon [_thread_blocked, id=31597, stack(0x00007fb0305f6000,0x00007fb0306f7000)]
  0x00007fb0400bd000 JavaThread "Signal Dispatcher" daemon [_thread_blocked, id=31596, stack(0x00007fb0306f7000,0x00007fb0307f8000)]
  0x00007fb040093800 JavaThread "Finalizer" daemon [_thread_blocked, id=31594, stack(0x00007fb0307f8000,0x00007fb0308f9000)]
  0x00007fb04008f000 JavaThread "Reference Handler" daemon [_thread_blocked, id=31593, stack(0x00007fb0308f9000,0x00007fb0309fa000)]
=>0x00007fb040009800 JavaThread "main" [_thread_in_native, id=31587, stack(0x00007fb049739000,0x00007fb04983a000)]

Other Threads:
  0x00007fb040085000 VMThread [stack: 0x00007fb0309fa000,0x00007fb030afb000] [id=31592]
  0x00007fb0400ee000 WatcherThread [stack: 0x00007fb0301f2000,0x00007fb0302f3000] [id=31601]

VM state:not at safepoint (normal execution)

VM Mutex/Monitor currently owned by a thread: None

Heap:
 PSYoungGen      total 130048K, used 98528K [0x00000000d6c00000, 0x00000000e6a00000, 0x0000000100000000)
  eden space 126976K, 76% used [0x00000000d6c00000,0x00000000dcadc928,0x00000000de800000)
  from space 3072K, 45% used [0x00000000de800000,0x00000000de95b6e8,0x00000000deb00000)
  to   space 3072K, 0% used [0x00000000e6700000,0x00000000e6700000,0x00000000e6a00000)
 ParOldGen       total 84992K, used 29634K [0x0000000084400000, 0x0000000089700000, 0x00000000d6c00000)
  object space 84992K, 34% used [0x0000000084400000,0x00000000860f0930,0x0000000089700000)
 Metaspace       used 12047K, capacity 12220K, committed 12544K, reserved 1060864K
  class space    used 1347K, capacity 1412K, committed 1536K, reserved 1048576K

Card table byte_map: [0x00007fb046068000,0x00007fb046447000] byte_map_base: 0x00007fb045c46000

Marking Bits: (ParMarkBitMap*) 0x00007fb048a1c040
 Begin Bits: [0x00007fb020220000, 0x00007fb022110000)
 End Bits:   [0x00007fb022110000, 0x00007fb024000000)

Polling page: 0x00007fb04985d000

CodeCache: size=245760Kb used=3748Kb max_used=3774Kb free=242011Kb
 bounds [0x00007fb031000000, 0x00007fb0313c0000, 0x00007fb040000000]
 total_blobs=1307 nmethods=923 adapters=299
 compilation: enabled

Compilation events (10 events):
Event: 1.323 Thread 0x00007fb0400cc800 nmethod 923 0x00007fb0313a9e90 code [0x00007fb0313a9fe0, 0x00007fb0313aa058]
Event: 1.323 Thread 0x00007fb0400ce000  914       3       java.awt.Image::<init> (11 bytes)
Event: 1.323 Thread 0x00007fb0400ce000 nmethod 914 0x00007fb031391790 code [0x00007fb031391900, 0x00007fb031391ab0]
Event: 1.323 Thread 0x00007fb0400ce000  915       3       java.awt.image.Raster::getTransferType (8 bytes)
Event: 1.323 Thread 0x00007fb0400ce000 nmethod 915 0x00007fb031391350 code [0x00007fb0313914c0, 0x00007fb0313916e8]
Event: 1.323 Thread 0x00007fb0400ce000  916       3       java.awt.image.BufferedImage::isStandard (44 bytes)
Event: 1.323 Thread 0x00007fb0400ce000 nmethod 916 0x00007fb0313ac2d0 code [0x00007fb0313ac460, 0x00007fb0313acb08]
Event: 1.323 Thread 0x00007fb0400ce000  917       3       java.awt.image.BufferedImage$1::<init> (20 bytes)
Event: 1.323 Thread 0x00007fb0400ce000 nmethod 917 0x00007fb0313abed0 code [0x00007fb0313ac040, 0x00007fb0313ac230]
Event: 1.364 Thread 0x00007fb0400bf000 


GC Heap History (10 events):
Event: 0.559 GC heap before
{Heap before GC invocations=3 (full 0):
 PSYoungGen      total 36864K, used 33376K [0x00000000d6c00000, 0x00000000db400000, 0x0000000100000000)
  eden space 31744K, 100% used [0x00000000d6c00000,0x00000000d8b00000,0x00000000d8b00000)
  from space 5120K, 31% used [0x00000000d9000000,0x00000000d9198030,0x00000000d9500000)
  to   space 5120K, 0% used [0x00000000d8b00000,0x00000000d8b00000,0x00000000d9000000)
 ParOldGen       total 84992K, used 28097K [0x0000000084400000, 0x0000000089700000, 0x00000000d6c00000)
  object space 84992K, 33% used [0x0000000084400000,0x0000000085f706d0,0x0000000089700000)
 Metaspace       used 9771K, capacity 9970K, committed 10112K, reserved 1058816K
  class space    used 1044K, capacity 1113K, committed 1152K, reserved 1048576K
Event: 0.561 GC heap after
Heap after GC invocations=3 (full 0):
 PSYoungGen      total 36864K, used 1616K [0x00000000d6c00000, 0x00000000db400000, 0x0000000100000000)
  eden space 31744K, 0% used [0x00000000d6c00000,0x00000000d6c00000,0x00000000d8b00000)
  from space 5120K, 31% used [0x00000000d8b00000,0x00000000d8c94020,0x00000000d9000000)
  to   space 5120K, 0% used [0x00000000daf00000,0x00000000daf00000,0x00000000db400000)
 ParOldGen       total 84992K, used 28097K [0x0000000084400000, 0x0000000089700000, 0x00000000d6c00000)
  object space 84992K, 33% used [0x0000000084400000,0x0000000085f706d0,0x0000000089700000)
 Metaspace       used 9771K, capacity 9970K, committed 10112K, reserved 1058816K
  class space    used 1044K, capacity 1113K, committed 1152K, reserved 1048576K
}
Event: 0.623 GC heap before
{Heap before GC invocations=4 (full 0):
 PSYoungGen      total 36864K, used 33360K [0x00000000d6c00000, 0x00000000db400000, 0x0000000100000000)
  eden space 31744K, 100% used [0x00000000d6c00000,0x00000000d8b00000,0x00000000d8b00000)
  from space 5120K, 31% used [0x00000000d8b00000,0x00000000d8c94020,0x00000000d9000000)
  to   space 5120K, 0% used [0x00000000daf00000,0x00000000daf00000,0x00000000db400000)
 ParOldGen       total 84992K, used 28097K [0x0000000084400000, 0x0000000089700000, 0x00000000d6c00000)
  object space 84992K, 33% used [0x0000000084400000,0x0000000085f706d0,0x0000000089700000)
 Metaspace       used 9771K, capacity 9970K, committed 10112K, reserved 1058816K
  class space    used 1044K, capacity 1113K, committed 1152K, reserved 1048576K
Event: 0.624 GC heap after
Heap after GC invocations=4 (full 0):
 PSYoungGen      total 68608K, used 1616K [0x00000000d6c00000, 0x00000000db400000, 0x0000000100000000)
  eden space 63488K, 0% used [0x00000000d6c00000,0x00000000d6c00000,0x00000000daa00000)
  from space 5120K, 31% used [0x00000000daf00000,0x00000000db094040,0x00000000db400000)
  to   space 5120K, 0% used [0x00000000daa00000,0x00000000daa00000,0x00000000daf00000)
 ParOldGen       total 84992K, used 28097K [0x0000000084400000, 0x0000000089700000, 0x00000000d6c00000)
  object space 84992K, 33% used [0x0000000084400000,0x0000000085f706d0,0x0000000089700000)
 Metaspace       used 9771K, capacity 9970K, committed 10112K, reserved 1058816K
  class space    used 1044K, capacity 1113K, committed 1152K, reserved 1048576K
}
Event: 0.756 GC heap before
{Heap before GC invocations=5 (full 0):
 PSYoungGen      total 68608K, used 65104K [0x00000000d6c00000, 0x00000000db400000, 0x0000000100000000)
  eden space 63488K, 100% used [0x00000000d6c00000,0x00000000daa00000,0x00000000daa00000)
  from space 5120K, 31% used [0x00000000daf00000,0x00000000db094040,0x00000000db400000)
  to   space 5120K, 0% used [0x00000000daa00000,0x00000000daa00000,0x00000000daf00000)
 ParOldGen       total 84992K, used 28097K [0x0000000084400000, 0x0000000089700000, 0x00000000d6c00000)
  object space 84992K, 33% used [0x0000000084400000,0x0000000085f706d0,0x0000000089700000)
 Metaspace       used 9771K, capacity 9970K, committed 10112K, reserved 1058816K
  class space    used 1044K, capacity 1113K, committed 1152K, reserved 1048576K
Event: 0.757 GC heap after
Heap after GC invocations=5 (full 0):
 PSYoungGen      total 68608K, used 1648K [0x00000000d6c00000, 0x00000000dee00000, 0x0000000100000000)
  eden space 63488K, 0% used [0x00000000d6c00000,0x00000000d6c00000,0x00000000daa00000)
  from space 5120K, 32% used [0x00000000daa00000,0x00000000dab9c020,0x00000000daf00000)
  to   space 3072K, 0% used [0x00000000deb00000,0x00000000deb00000,0x00000000dee00000)
 ParOldGen       total 84992K, used 28097K [0x0000000084400000, 0x0000000089700000, 0x00000000d6c00000)
  object space 84992K, 33% used [0x0000000084400000,0x0000000085f706d0,0x0000000089700000)
 Metaspace       used 9771K, capacity 9970K, committed 10112K, reserved 1058816K
  class space    used 1044K, capacity 1113K, committed 1152K, reserved 1048576K
}
Event: 0.884 GC heap before
{Heap before GC invocations=6 (full 0):
 PSYoungGen      total 68608K, used 65136K [0x00000000d6c00000, 0x00000000dee00000, 0x0000000100000000)
  eden space 63488K, 100% used [0x00000000d6c00000,0x00000000daa00000,0x00000000daa00000)
  from space 5120K, 32% used [0x00000000daa00000,0x00000000dab9c020,0x00000000daf00000)
  to   space 3072K, 0% used [0x00000000deb00000,0x00000000deb00000,0x00000000dee00000)
 ParOldGen       total 84992K, used 28097K [0x0000000084400000, 0x0000000089700000, 0x00000000d6c00000)
  object space 84992K, 33% used [0x0000000084400000,0x0000000085f706d0,0x0000000089700000)
 Metaspace       used 9771K, capacity 9970K, committed 10112K, reserved 1058816K
  class space    used 1044K, capacity 1113K, committed 1152K, reserved 1048576K
Event: 0.886 GC heap after
Heap after GC invocations=6 (full 0):
 PSYoungGen      total 130048K, used 1584K [0x00000000d6c00000, 0x00000000dee00000, 0x0000000100000000)
  eden space 126976K, 0% used [0x00000000d6c00000,0x00000000d6c00000,0x00000000de800000)
  from space 3072K, 51% used [0x00000000deb00000,0x00000000dec8c020,0x00000000dee00000)
  to   space 3072K, 0% used [0x00000000de800000,0x00000000de800000,0x00000000deb00000)
 ParOldGen       total 84992K, used 28097K [0x0000000084400000, 0x0000000089700000, 0x00000000d6c00000)
  object space 84992K, 33% used [0x0000000084400000,0x0000000085f706d0,0x0000000089700000)
 Metaspace       used 9771K, capacity 9970K, committed 10112K, reserved 1058816K
  class space    used 1044K, capacity 1113K, committed 1152K, reserved 1048576K
}
Event: 1.265 GC heap before
{Heap before GC invocations=7 (full 0):
 PSYoungGen      total 130048K, used 120730K [0x00000000d6c00000, 0x00000000dee00000, 0x0000000100000000)
  eden space 126976K, 93% used [0x00000000d6c00000,0x00000000de05a9d0,0x00000000de800000)
  from space 3072K, 51% used [0x00000000deb00000,0x00000000dec8c020,0x00000000dee00000)
  to   space 3072K, 0% used [0x00000000de800000,0x00000000de800000,0x00000000deb00000)
 ParOldGen       total 84992K, used 28097K [0x0000000084400000, 0x0000000089700000, 0x00000000d6c00000)
  object space 84992K, 33% used [0x0000000084400000,0x0000000085f706d0,0x0000000089700000)
 Metaspace       used 11959K, capacity 12156K, committed 12544K, reserved 1060864K
  class space    used 1345K, capacity 1412K, committed 1536K, reserved 1048576K
Event: 1.269 GC heap after
Heap after GC invocations=7 (full 0):
 PSYoungGen      total 130048K, used 1389K [0x00000000d6c00000, 0x00000000e6a00000, 0x0000000100000000)
  eden space 126976K, 0% used [0x00000000d6c00000,0x00000000d6c00000,0x00000000de800000)
  from space 3072K, 45% used [0x00000000de800000,0x00000000de95b6e8,0x00000000deb00000)
  to   space 3072K, 0% used [0x00000000e6700000,0x00000000e6700000,0x00000000e6a00000)
 ParOldGen       total 84992K, used 29634K [0x0000000084400000, 0x0000000089700000, 0x00000000d6c00000)
  object space 84992K, 34% used [0x0000000084400000,0x00000000860f0930,0x0000000089700000)
 Metaspace       used 11959K, capacity 12156K, committed 12544K, reserved 1060864K
  class space    used 1345K, capacity 1412K, committed 1536K, reserved 1048576K
}

Deoptimization events (6 events):
Event: 0.098 Thread 0x00007fb040009800 Uncommon trap: reason=unstable_if action=reinterpret pc=0x00007fb031146a44 method=java.lang.String.indexOf(II)I @ 49
Event: 0.222 Thread 0x00007fb040009800 Uncommon trap: reason=unstable_if action=reinterpret pc=0x00007fb03119a5d4 method=java.lang.String.replace(CC)Ljava/lang/String; @ 26
Event: 0.231 Thread 0x00007fb040009800 Uncommon trap: reason=unstable_if action=reinterpret pc=0x00007fb031170d0c method=java.lang.String.indexOf([CII[CIII)I @ 3
Event: 0.232 Thread 0x00007fb040009800 Uncommon trap: reason=unstable_if action=reinterpret pc=0x00007fb0311f3a40 method=sun.misc.MetaIndex.mayContain(Ljava/lang/String;)Z @ 38
Event: 1.046 Thread 0x00007fb040009800 Uncommon trap: reason=unstable_if action=reinterpret pc=0x00007fb0312e8960 method=java.util.HashMap.getNode(ILjava/lang/Object;)Ljava/util/HashMap$Node; @ 129
Event: 1.347 Thread 0x00007fb040009800 Uncommon trap: reason=unstable_if action=reinterpret pc=0x00007fb0313aa028 method=java.lang.Math.min(JJ)J @ 3

Internal exceptions (10 events):
Event: 0.183 Thread 0x00007fb040009800 Exception <a 'java/lang/ArrayIndexOutOfBoundsException'> (0x00000000d7387548) thrown at [/builddir/build/BUILD/java-1.8.0-openjdk-1.8.0.91-1.b14.fc23.x86_64/openjdk/hotspot/src/share/vm/runtime/sharedRuntime.cpp, line 613]
Event: 0.183 Thread 0x00007fb040009800 Exception <a 'java/lang/ArrayIndexOutOfBoundsException'> (0x00000000d738a1a8) thrown at [/builddir/build/BUILD/java-1.8.0-openjdk-1.8.0.91-1.b14.fc23.x86_64/openjdk/hotspot/src/share/vm/runtime/sharedRuntime.cpp, line 613]
Event: 0.184 Thread 0x00007fb040009800 Exception <a 'java/lang/ClassNotFoundException': ch/qos/logback/classic/encoder/PatternLayoutEncoderCustomizer> (0x00000000d739fb40) thrown at [/builddir/build/BUILD/java-1.8.0-openjdk-1.8.0.91-1.b14.fc23.x86_64/openjdk/hotspot/src/share/vm/classfile/syst
Event: 0.184 Thread 0x00007fb040009800 Exception <a 'java/lang/ArrayIndexOutOfBoundsException'> (0x00000000d73a2e88) thrown at [/builddir/build/BUILD/java-1.8.0-openjdk-1.8.0.91-1.b14.fc23.x86_64/openjdk/hotspot/src/share/vm/runtime/sharedRuntime.cpp, line 613]
Event: 0.263 Thread 0x00007fb040009800 Exception <a 'java/lang/NoSuchFieldError': method resolution failed> (0x00000000d76bf208) thrown at [/builddir/build/BUILD/java-1.8.0-openjdk-1.8.0.91-1.b14.fc23.x86_64/openjdk/hotspot/src/share/vm/prims/methodHandles.cpp, line 1146]
Event: 0.264 Thread 0x00007fb040009800 Exception <a 'java/lang/NoSuchFieldError': method resolution failed> (0x00000000d76cc8f8) thrown at [/builddir/build/BUILD/java-1.8.0-openjdk-1.8.0.91-1.b14.fc23.x86_64/openjdk/hotspot/src/share/vm/prims/methodHandles.cpp, line 1146]
Event: 0.293 Thread 0x00007fb040009800 Exception <a 'java/io/FileNotFoundException'> (0x00000000d774a5b8) thrown at [/builddir/build/BUILD/java-1.8.0-openjdk-1.8.0.91-1.b14.fc23.x86_64/openjdk/hotspot/src/share/vm/prims/jni.cpp, line 709]
Event: 0.293 Thread 0x00007fb040009800 Exception <a 'java/io/FileNotFoundException'> (0x00000000d774b0a8) thrown at [/builddir/build/BUILD/java-1.8.0-openjdk-1.8.0.91-1.b14.fc23.x86_64/openjdk/hotspot/src/share/vm/prims/jni.cpp, line 709]
Event: 0.985 Thread 0x00007fb040009800 Exception <a 'java/lang/UnsatisfiedLinkError': libtesseract.so: cannot open shared object file: No such file or directory> (0x00000000d8b20188) thrown at [/builddir/build/BUILD/java-1.8.0-openjdk-1.8.0.91-1.b14.fc23.x86_64/openjdk/hotspot/src/share/vm/pri
Event: 0.986 Thread 0x00007fb040009800 Exception <a 'java/lang/UnsatisfiedLinkError': libtesseract.so: cannot open shared object file: No such file or directory> (0x00000000d8b22028) thrown at [/builddir/build/BUILD/java-1.8.0-openjdk-1.8.0.91-1.b14.fc23.x86_64/openjdk/hotspot/src/share/vm/pri

Events (10 events):
Event: 1.269 Executing VM operation: ParallelGCFailedAllocation done
Event: 1.347 Thread 0x00007fb040009800 Uncommon trap: trap_request=0xffffff65 fr.pc=0x00007fb0313aa028
Event: 1.347 Thread 0x00007fb040009800 DEOPT PACKING pc=0x00007fb0313aa028 sp=0x00007fb0498383f0
Event: 1.347 Thread 0x00007fb040009800 DEOPT UNPACKING pc=0x00007fb031004f69 sp=0x00007fb0498383b8 mode 2
Event: 1.356 loading class java/nio/DirectByteBuffer$Deallocator
Event: 1.356 loading class java/nio/DirectByteBuffer$Deallocator done
Event: 1.362 loading class java/lang/StrictMath
Event: 1.362 loading class java/lang/StrictMath done
Event: 1.363 loading class com/sun/jna/Native$Buffers
Event: 1.363 loading class com/sun/jna/Native$Buffers done


Dynamic libraries:
84400000-89700000 rw-p 00000000 00:00 0 
89700000-d6c00000 ---p 00000000 00:00 0 
d6c00000-e6a00000 rw-p 00000000 00:00 0 
e6a00000-100000000 ---p 00000000 00:00 0 
100000000-100180000 rw-p 00000000 00:00 0 
100180000-140000000 ---p 00000000 00:00 0 
55e534dc5000-55e534dc6000 r-xp 00000000 08:06 8008588                    /usr/lib/jvm/java-1.8.0-openjdk-1.8.0.91-1.b14.fc23.x86_64/bin/java
55e534fc5000-55e534fc6000 r--p 00000000 08:06 8008588                    /usr/lib/jvm/java-1.8.0-openjdk-1.8.0.91-1.b14.fc23.x86_64/bin/java
55e534fc6000-55e534fc7000 rw-p 00001000 08:06 8008588                    /usr/lib/jvm/java-1.8.0-openjdk-1.8.0.91-1.b14.fc23.x86_64/bin/java
55e536cdc000-55e536cfd000 rw-p 00000000 00:00 0                          [heap]
7fafe0000000-7fafe0021000 rw-p 00000000 00:00 0 
7fafe0021000-7fafe4000000 ---p 00000000 00:00 0 
7fafe4002000-7fafe8000000 rw-p 00000000 00:00 0 
7fafe8000000-7fafe8021000 rw-p 00000000 00:00 0 
7fafe8021000-7fafec000000 ---p 00000000 00:00 0 
7fafed53f000-7fafed5ff000 rw-p 00000000 00:00 0 
7fafed5ff000-7fafed73f000 ---p 00000000 00:00 0 
7fafed73f000-7fafed750000 r-xp 00000000 08:06 1573269                    /usr/lib/jvm/java-1.8.0-openjdk-1.8.0.91-1.b14.fc23.x86_64/jre/lib/amd64/libnio.so
7fafed750000-7fafed950000 ---p 00011000 08:06 1573269                    /usr/lib/jvm/java-1.8.0-openjdk-1.8.0.91-1.b14.fc23.x86_64/jre/lib/amd64/libnio.so
7fafed950000-7fafed951000 r--p 00011000 08:06 1573269                    /usr/lib/jvm/java-1.8.0-openjdk-1.8.0.91-1.b14.fc23.x86_64/jre/lib/amd64/libnio.so
7fafed951000-7fafed952000 rw-p 00012000 08:06 1573269                    /usr/lib/jvm/java-1.8.0-openjdk-1.8.0.91-1.b14.fc23.x86_64/jre/lib/amd64/libnio.so
7fafed952000-7fafed956000 r-xp 00000000 08:06 7350278                    /usr/lib64/libuuid.so.1.3.0
7fafed956000-7fafedb55000 ---p 00004000 08:06 7350278                    /usr/lib64/libuuid.so.1.3.0
7fafedb55000-7fafedb56000 r--p 00003000 08:06 7350278                    /usr/lib64/libuuid.so.1.3.0
7fafedb56000-7fafedb57000 rw-p 00000000 00:00 0 
7fafedb57000-7fafedb60000 r-xp 00000000 08:06 7351634                    /usr/lib64/libjbig.so.2.1
7fafedb60000-7fafedd5f000 ---p 00009000 08:06 7351634                    /usr/lib64/libjbig.so.2.1
7fafedd5f000-7fafedd60000 r--p 00008000 08:06 7351634                    /usr/lib64/libjbig.so.2.1
7fafedd60000-7fafedd63000 rw-p 00009000 08:06 7351634                    /usr/lib64/libjbig.so.2.1
7fafedd63000-7fafedd7b000 r-xp 00000000 08:06 7346663                    /usr/lib64/libICE.so.6.3.0
7fafedd7b000-7fafedf7a000 ---p 00018000 08:06 7346663                    /usr/lib64/libICE.so.6.3.0
7fafedf7a000-7fafedf7b000 r--p 00017000 08:06 7346663                    /usr/lib64/libICE.so.6.3.0
7fafedf7b000-7fafedf7c000 rw-p 00018000 08:06 7346663                    /usr/lib64/libICE.so.6.3.0
7fafedf7c000-7fafedf7f000 rw-p 00000000 00:00 0 
7fafedf7f000-7fafedf86000 r-xp 00000000 08:06 7346738                    /usr/lib64/libSM.so.6.0.1
7fafedf86000-7fafee186000 ---p 00007000 08:06 7346738                    /usr/lib64/libSM.so.6.0.1
7fafee186000-7fafee187000 r--p 00007000 08:06 7346738                    /usr/lib64/libSM.so.6.0.1
7fafee187000-7fafee188000 rw-p 00008000 08:06 7346738                    /usr/lib64/libSM.so.6.0.1
7fafee188000-7fafee1e4000 r-xp 00000000 08:06 7350436                    /usr/lib64/libwebp.so.5.0.4
7fafee1e4000-7fafee3e3000 ---p 0005c000 08:06 7350436                    /usr/lib64/libwebp.so.5.0.4
7fafee3e3000-7fafee3e5000 r--p 0005b000 08:06 7350436                    /usr/lib64/libwebp.so.5.0.4
7fafee3e5000-7fafee3e7000 rw-p 0005d000 08:06 7350436                    /usr/lib64/libwebp.so.5.0.4
7fafee3e7000-7fafee456000 r-xp 00000000 08:06 7350308                    /usr/lib64/libtiff.so.5.2.2
7fafee456000-7fafee656000 ---p 0006f000 08:06 7350308                    /usr/lib64/libtiff.so.5.2.2
7fafee656000-7fafee657000 r--p 0006f000 08:06 7350308                    /usr/lib64/libtiff.so.5.2.2
7fafee657000-7fafee65a000 rw-p 00070000 08:06 7350308                    /usr/lib64/libtiff.so.5.2.2
7fafee65a000-7fafee663000 r-xp 00000000 08:06 7347036                    /usr/lib64/libgif.so.4.1.6
7fafee663000-7fafee862000 ---p 00009000 08:06 7347036                    /usr/lib64/libgif.so.4.1.6
7fafee862000-7fafee863000 r--p 00008000 08:06 7347036                    /usr/lib64/libgif.so.4.1.6
7fafee863000-7fafee864000 rw-p 00009000 08:06 7347036                    /usr/lib64/libgif.so.4.1.6
7fafee864000-7fafee895000 r-xp 00000000 08:06 7347382                    /usr/lib64/libpng16.so.16.19.0
7fafee895000-7fafeea95000 ---p 00031000 08:06 7347382                    /usr/lib64/libpng16.so.16.19.0
7fafeea95000-7fafeea96000 r--p 00031000 08:06 7347382                    /usr/lib64/libpng16.so.16.19.0
7fafeea96000-7fafeea97000 rw-p 00000000 00:00 0 
7fafeea97000-7fafeecce000 r-xp 00000000 08:06 7341712                    /usr/lib64/liblept.so.4.0.3
7fafeecce000-7fafeeecd000 ---p 00237000 08:06 7341712                    /usr/lib64/liblept.so.4.0.3
7fafeeecd000-7fafeeed2000 r--p 00236000 08:06 7341712                    /usr/lib64/liblept.so.4.0.3
7fafeeed2000-7fafeeed7000 rw-p 0023b000 08:06 7341712                    /usr/lib64/liblept.so.4.0.3
7fafeeed7000-7fafef1e0000 r-xp 00000000 08:06 7341975                    /usr/lib64/libtesseract.so.3.0.4
7fafef1e0000-7fafef3e0000 ---p 00309000 08:06 7341975                    /usr/lib64/libtesseract.so.3.0.4
7fafef3e0000-7fafef3eb000 r--p 00309000 08:06 7341975                    /usr/lib64/libtesseract.so.3.0.4
7fafef3eb000-7fafef3ec000 rw-p 00314000 08:06 7341975                    /usr/lib64/libtesseract.so.3.0.4
7fafef3ec000-7fafef680000 rw-p 00000000 00:00 0 
7fafef680000-7fafef697000 r-xp 00000000 00:24 323066                     /tmp/jna--1190379552/jna3247959914158800901.tmp (deleted)
7fafef697000-7fafef796000 ---p 00017000 00:24 323066                     /tmp/jna--1190379552/jna3247959914158800901.tmp (deleted)
7fafef796000-7fafef798000 rw-p 00016000 00:24 323066                     /tmp/jna--1190379552/jna3247959914158800901.tmp (deleted)
7fafef798000-7fafef7ef000 r-xp 00000000 08:06 7349771                    /usr/lib64/libjpeg.so.62.1.0
7fafef7ef000-7fafef9ef000 ---p 00057000 08:06 7349771                    /usr/lib64/libjpeg.so.62.1.0
7fafef9ef000-7fafef9f0000 r--p 00057000 08:06 7349771                    /usr/lib64/libjpeg.so.62.1.0
7fafef9f0000-7fafef9f1000 rw-p 00000000 00:00 0 
7fafef9f1000-7fafef9fb000 r-xp 00000000 08:06 1573256                    /usr/lib/jvm/java-1.8.0-openjdk-1.8.0.91-1.b14.fc23.x86_64/jre/lib/amd64/libjavajpeg.so
7fafef9fb000-7fafefbfa000 ---p 0000a000 08:06 1573256                    /usr/lib/jvm/java-1.8.0-openjdk-1.8.0.91-1.b14.fc23.x86_64/jre/lib/amd64/libjavajpeg.so
7fafefbfa000-7fafefbfb000 r--p 00009000 08:06 1573256                    /usr/lib/jvm/java-1.8.0-openjdk-1.8.0.91-1.b14.fc23.x86_64/jre/lib/amd64/libjavajpeg.so
7fafefbfb000-7fafefdfc000 rw-p 00000000 00:00 0 
7fafefdfc000-7fafefdfe000 r-xp 00000000 08:06 7346743                    /usr/lib64/libXau.so.6.0.0
7fafefdfe000-7fafefffe000 ---p 00002000 08:06 7346743                    /usr/lib64/libXau.so.6.0.0
7fafefffe000-7fafeffff000 r--p 00002000 08:06 7346743                    /usr/lib64/libXau.so.6.0.0
7fafeffff000-7faff0000000 rw-p 00000000 00:00 0 
7faff0000000-7faff0021000 rw-p 00000000 00:00 0 
7faff0021000-7faff4000000 ---p 00000000 00:00 0 
7faff4000000-7faff4021000 rw-p 00000000 00:00 0 
7faff4021000-7faff8000000 ---p 00000000 00:00 0 
7faff8000000-7faff8148000 rw-p 00000000 00:00 0 
7faff8148000-7faffc000000 ---p 00000000 00:00 0 
7faffc000000-7faffc8e7000 rw-p 00000000 00:00 0 
7faffc8e7000-7fb000000000 ---p 00000000 00:00 0 
7fb000000000-7fb000ad4000 rw-p 00000000 00:00 0 
7fb000ad4000-7fb004000000 ---p 00000000 00:00 0 
7fb004078000-7fb004099000 r-xp 00000000 08:06 7347680                    /usr/lib64/libxcb.so.1.1.0
7fb004099000-7fb004298000 ---p 00021000 08:06 7347680                    /usr/lib64/libxcb.so.1.1.0
7fb004298000-7fb004299000 r--p 00020000 08:06 7347680                    /usr/lib64/libxcb.so.1.1.0
7fb004299000-7fb00429a000 rw-p 00021000 08:06 7347680                    /usr/lib64/libxcb.so.1.1.0
7fb00429a000-7fb0042a9000 r-xp 00000000 08:06 7346753                    /usr/lib64/libXi.so.6.1.0
7fb0042a9000-7fb0044a8000 ---p 0000f000 08:06 7346753                    /usr/lib64/libXi.so.6.1.0
7fb0044a8000-7fb0044a9000 r--p 0000e000 08:06 7346753                    /usr/lib64/libXi.so.6.1.0
7fb0044a9000-7fb0044aa000 rw-p 0000f000 08:06 7346753                    /usr/lib64/libXi.so.6.1.0
7fb0044aa000-7fb0044af000 r-xp 00000000 08:06 7346761                    /usr/lib64/libXtst.so.6.1.0
7fb0044af000-7fb0046ae000 ---p 00005000 08:06 7346761                    /usr/lib64/libXtst.so.6.1.0
7fb0046ae000-7fb0046af000 r--p 00004000 08:06 7346761                    /usr/lib64/libXtst.so.6.1.0
7fb0046af000-7fb0046b0000 rw-p 00005000 08:06 7346761                    /usr/lib64/libXtst.so.6.1.0
7fb0046b0000-7fb0046b2000 r-xp 00000000 08:06 7346744                    /usr/lib64/libXcomposite.so.1.0.0
7fb0046b2000-7fb0048b1000 ---p 00002000 08:06 7346744                    /usr/lib64/libXcomposite.so.1.0.0
7fb0048b1000-7fb0048b2000 r--p 00001000 08:06 7346744                    /usr/lib64/libXcomposite.so.1.0.0
7fb0048b2000-7fb0048b3000 rw-p 00000000 00:00 0 
7fb0048b3000-7fb0048bc000 r-xp 00000000 08:06 7346759                    /usr/lib64/libXrender.so.1.3.0
7fb0048bc000-7fb004abc000 ---p 00009000 08:06 7346759                    /usr/lib64/libXrender.so.1.3.0
7fb004abc000-7fb004abd000 r--p 00009000 08:06 7346759                    /usr/lib64/libXrender.so.1.3.0
7fb004abd000-7fb004abe000 rw-p 0000a000 08:06 7346759                    /usr/lib64/libXrender.so.1.3.0
7fb004abe000-7fb004bf8000 r-xp 00000000 08:06 7346741                    /usr/lib64/libX11.so.6.3.0
7fb004bf8000-7fb004df7000 ---p 0013a000 08:06 7346741                    /usr/lib64/libX11.so.6.3.0
7fb004df7000-7fb004dfa000 r--p 00139000 08:06 7346741                    /usr/lib64/libX11.so.6.3.0
7fb004dfa000-7fb004dfe000 rw-p 0013c000 08:06 7346741                    /usr/lib64/libX11.so.6.3.0
7fb004dfe000-7fb004e0f000 r-xp 00000000 08:06 7346749                    /usr/lib64/libXext.so.6.4.0
7fb004e0f000-7fb00500e000 ---p 00011000 08:06 7346749                    /usr/lib64/libXext.so.6.4.0
7fb00500e000-7fb00500f000 r--p 00010000 08:06 7346749                    /usr/lib64/libXext.so.6.4.0
7fb00500f000-7fb005010000 rw-p 00011000 08:06 7346749                    /usr/lib64/libXext.so.6.4.0
7fb005010000-7fb005065000 r-xp 00000000 08:06 1577671                    /usr/lib/jvm/java-1.8.0-openjdk-1.8.0.91-1.b14.fc23.x86_64/jre/lib/amd64/libawt_xawt.so
7fb005065000-7fb005265000 ---p 00055000 08:06 1577671                    /usr/lib/jvm/java-1.8.0-openjdk-1.8.0.91-1.b14.fc23.x86_64/jre/lib/amd64/libawt_xawt.so
7fb005265000-7fb005266000 r--p 00055000 08:06 1577671                    /usr/lib/jvm/java-1.8.0-openjdk-1.8.0.91-1.b14.fc23.x86_64/jre/lib/amd64/libawt_xawt.so
7fb005266000-7fb005268000 rw-p 00056000 08:06 1577671                    /usr/lib/jvm/java-1.8.0-openjdk-1.8.0.91-1.b14.fc23.x86_64/jre/lib/amd64/libawt_xawt.so
7fb005268000-7fb00526a000 rw-p 00000000 00:00 0 
7fb00526a000-7fb00530b000 r-xp 00000000 08:06 1573241                    /usr/lib/jvm/java-1.8.0-openjdk-1.8.0.91-1.b14.fc23.x86_64/jre/lib/amd64/libawt.so
7fb00530b000-7fb00550b000 ---p 000a1000 08:06 1573241                    /usr/lib/jvm/java-1.8.0-openjdk-1.8.0.91-1.b14.fc23.x86_64/jre/lib/amd64/libawt.so
7fb00550b000-7fb00550c000 r--p 000a1000 08:06 1573241                    /usr/lib/jvm/java-1.8.0-openjdk-1.8.0.91-1.b14.fc23.x86_64/jre/lib/amd64/libawt.so
7fb00550c000-7fb005517000 rw-p 000a2000 08:06 1573241                    /usr/lib/jvm/java-1.8.0-openjdk-1.8.0.91-1.b14.fc23.x86_64/jre/lib/amd64/libawt.so
7fb005517000-7fb00553c000 rw-p 00000000 00:00 0 
7fb00553c000-7fb00c000000 r--p 00000000 08:06 7349802                    /usr/lib/locale/locale-archive
7fb00c000000-7fb00c021000 rw-p 00000000 00:00 0 
7fb00c021000-7fb010000000 ---p 00000000 00:00 0 
7fb010000000-7fb010021000 rw-p 00000000 00:00 0 
7fb010021000-7fb014000000 ---p 00000000 00:00 0 
7fb014000000-7fb014021000 rw-p 00000000 00:00 0 
7fb014021000-7fb018000000 ---p 00000000 00:00 0 
7fb018000000-7fb018021000 rw-p 00000000 00:00 0 
7fb018021000-7fb01c000000 ---p 00000000 00:00 0 
7fb01c000000-7fb01c021000 rw-p 00000000 00:00 0 
7fb01c021000-7fb020000000 ---p 00000000 00:00 0 
7fb020008000-7fb02001f000 r-xp 00000000 08:06 1573268                    /usr/lib/jvm/java-1.8.0-openjdk-1.8.0.91-1.b14.fc23.x86_64/jre/lib/amd64/libnet.so
7fb02001f000-7fb02021e000 ---p 00017000 08:06 1573268                    /usr/lib/jvm/java-1.8.0-openjdk-1.8.0.91-1.b14.fc23.x86_64/jre/lib/amd64/libnet.so
7fb02021e000-7fb02021f000 r--p 00016000 08:06 1573268                    /usr/lib/jvm/java-1.8.0-openjdk-1.8.0.91-1.b14.fc23.x86_64/jre/lib/amd64/libnet.so
7fb02021f000-7fb020220000 rw-p 00017000 08:06 1573268                    /usr/lib/jvm/java-1.8.0-openjdk-1.8.0.91-1.b14.fc23.x86_64/jre/lib/amd64/libnet.so
7fb020220000-7fb024000000 rw-p 00000000 00:00 0 
7fb024000000-7fb024021000 rw-p 00000000 00:00 0 
7fb024021000-7fb028000000 ---p 00000000 00:00 0 
7fb028000000-7fb028021000 rw-p 00000000 00:00 0 
7fb028021000-7fb02c000000 ---p 00000000 00:00 0 
7fb02c000000-7fb02c021000 rw-p 00000000 00:00 0 
7fb02c021000-7fb030000000 ---p 00000000 00:00 0 
7fb0300b8000-7fb0300bb000 ---p 00000000 00:00 0 
7fb0300bb000-7fb0300f1000 rw-p 00000000 00:00 0                          [stack:31604]
7fb0300f1000-7fb0300f4000 ---p 00000000 00:00 0 
7fb0300f4000-7fb0301f2000 rw-p 00000000 00:00 0                          [stack:31602]
7fb0301f2000-7fb0301f3000 ---p 00000000 00:00 0 
7fb0301f3000-7fb0302f3000 rw-p 00000000 00:00 0                          [stack:31601]
7fb0302f3000-7fb0302f6000 ---p 00000000 00:00 0 
7fb0302f6000-7fb0303f4000 rw-p 00000000 00:00 0                          [stack:31600]
7fb0303f4000-7fb0303f7000 ---p 00000000 00:00 0 
7fb0303f7000-7fb0304f5000 rw-p 00000000 00:00 0                          [stack:31599]
7fb0304f5000-7fb0304f8000 ---p 00000000 00:00 0 
7fb0304f8000-7fb0305f6000 rw-p 00000000 00:00 0                          [stack:31598]
7fb0305f6000-7fb0305f9000 ---p 00000000 00:00 0 
7fb0305f9000-7fb0306f7000 rw-p 00000000 00:00 0                          [stack:31597]
7fb0306f7000-7fb0306fa000 ---p 00000000 00:00 0 
7fb0306fa000-7fb0307f8000 rw-p 00000000 00:00 0                          [stack:31596]
7fb0307f8000-7fb0307fb000 ---p 00000000 00:00 0 
7fb0307fb000-7fb0308f9000 rw-p 00000000 00:00 0                          [stack:31594]
7fb0308f9000-7fb0308fc000 ---p 00000000 00:00 0 
7fb0308fc000-7fb0309fa000 rw-p 00000000 00:00 0                          [stack:31593]
7fb0309fa000-7fb0309fb000 ---p 00000000 00:00 0 
7fb0309fb000-7fb031000000 rw-p 00000000 00:00 0                          [stack:31592]
7fb031000000-7fb0313c0000 rwxp 00000000 00:00 0 
7fb0313c0000-7fb040000000 ---p 00000000 00:00 0 
7fb040000000-7fb041b7d000 rw-p 00000000 00:00 0 
7fb041b7d000-7fb044000000 ---p 00000000 00:00 0 
7fb044020000-7fb044024000 r--s 000b0000 08:06 8008452                    /usr/lib/jvm/java-1.8.0-openjdk-1.8.0.91-1.b14.fc23.x86_64/jre/lib/jsse.jar
7fb044024000-7fb04402f000 r--s 0011c000 08:06 8007846                    /usr/lib/jvm/java-1.8.0-openjdk-1.8.0.91-1.b14.fc23.x86_64/jre/lib/ext/localedata.jar
7fb04402f000-7fb04404b000 r--s 003b6000 08:06 8008449                    /usr/lib/jvm/java-1.8.0-openjdk-1.8.0.91-1.b14.fc23.x86_64/jre/lib/ext/cldrdata.jar
7fb04404b000-7fb04407c000 rw-p 00000000 00:00 0 
7fb04407c000-7fb04407e000 r--s 00004000 08:06 9448193                    /home/igobet/.m2/repository/org/slf4j/log4j-over-slf4j/1.7.19/log4j-over-slf4j-1.7.19.jar
7fb04407e000-7fb044080000 r--s 00003000 08:06 9448191                    /home/igobet/.m2/repository/org/slf4j/jcl-over-slf4j/1.7.19/jcl-over-slf4j-1.7.19.jar
7fb044080000-7fb044082000 r--s 00000000 08:06 9448189                    /home/igobet/.m2/repository/org/slf4j/jul-to-slf4j/1.7.19/jul-to-slf4j-1.7.19.jar
7fb044082000-7fb044083000 r--s 00009000 08:06 7736938                    /home/igobet/.m2/repository/org/slf4j/slf4j-api/1.7.18/slf4j-api-1.7.18.jar
7fb044083000-7fb04408e000 r--s 00066000 08:06 9448187                    /home/igobet/.m2/repository/ch/qos/logback/logback-core/1.1.6/logback-core-1.1.6.jar
7fb04408e000-7fb044095000 r--s 00041000 08:06 9448185                    /home/igobet/.m2/repository/ch/qos/logback/logback-classic/1.1.6/logback-classic-1.1.6.jar
7fb044095000-7fb04409c000 r--s 00040000 08:06 6687426                    /home/igobet/.m2/repository/cglib/cglib/2.2.2/cglib-2.2.2.jar
7fb04409c000-7fb0440a0000 r--s 00015000 08:06 9448183                    /home/igobet/.m2/repository/org/rococoa/rococoa-core/0.5/rococoa-core-0.5.jar
7fb0440a0000-7fb0440a6000 r--s 00215000 08:06 9448181                    /home/igobet/.m2/repository/net/sourceforge/lept4j/lept4j/1.1.2/lept4j-1.1.2.jar
7fb0440a6000-7fb0440aa000 r--s 0002a000 08:06 6162896                    /home/igobet/.m2/repository/commons-io/commons-io/2.4/commons-io-2.4.jar
7fb0440aa000-7fb0440b6000 r--s 00108000 08:06 9448179                    /home/igobet/.m2/repository/com/lowagie/itext/2.1.7/itext-2.1.7.jar
7fb0440b6000-7fb0440c0000 r--s 00081000 08:06 9448177                    /home/igobet/.m2/repository/org/apache/xmlgraphics/xmlgraphics-commons/1.4/xmlgraphics-commons-1.4.jar
7fb0440c0000-7fb0440ce000 r--s 0007f000 08:06 6429036                    /home/igobet/.m2/repository/commons-collections/commons-collections/3.2.1/commons-collections-3.2.1.jar
7fb0440ce000-7fb0440d3000 r--s 00035000 08:06 9448175                    /home/igobet/.m2/repository/commons-beanutils/commons-beanutils/1.9.2/commons-beanutils-1.9.2.jar
7fb0440d3000-7fb044bae000 rw-p 00000000 00:00 0 
7fb044bae000-7fb044d7c000 r--s 043be000 08:06 8008458                    /usr/lib/jvm/java-1.8.0-openjdk-1.8.0.91-1.b14.fc23.x86_64/jre/lib/rt.jar
7fb044d7c000-7fb0459d0000 rw-p 00000000 00:00 0 
7fb0459d0000-7fb0459d1000 ---p 00000000 00:00 0 
7fb0459d1000-7fb045ad1000 rw-p 00000000 00:00 0                          [stack:31591]
7fb045ad1000-7fb045ad2000 ---p 00000000 00:00 0 
7fb045ad2000-7fb045bd2000 rw-p 00000000 00:00 0                          [stack:31590]
7fb045bd2000-7fb045bd3000 ---p 00000000 00:00 0 
7fb045bd3000-7fb045cd3000 rw-p 00000000 00:00 0                          [stack:31589]
7fb045cd3000-7fb045cd4000 ---p 00000000 00:00 0 
7fb045cd4000-7fb045dfe000 rw-p 00000000 00:00 0                          [stack:31588]
7fb045dfe000-7fb046068000 ---p 00000000 00:00 0 
7fb046068000-7fb046092000 rw-p 00000000 00:00 0 
7fb046092000-7fb0462fc000 ---p 00000000 00:00 0 
7fb0462fc000-7fb04637b000 rw-p 00000000 00:00 0 
7fb04637b000-7fb046446000 ---p 00000000 00:00 0 
7fb046446000-7fb046456000 rw-p 00000000 00:00 0 
7fb046456000-7fb046807000 ---p 00000000 00:00 0 
7fb046807000-7fb04680f000 r-xp 00000000 08:06 1573279                    /usr/lib/jvm/java-1.8.0-openjdk-1.8.0.91-1.b14.fc23.x86_64/jre/lib/amd64/libzip.so
7fb04680f000-7fb046a0e000 ---p 00008000 08:06 1573279                    /usr/lib/jvm/java-1.8.0-openjdk-1.8.0.91-1.b14.fc23.x86_64/jre/lib/amd64/libzip.so
7fb046a0e000-7fb046a0f000 r--p 00007000 08:06 1573279                    /usr/lib/jvm/java-1.8.0-openjdk-1.8.0.91-1.b14.fc23.x86_64/jre/lib/amd64/libzip.so
7fb046a0f000-7fb046a10000 rw-p 00000000 00:00 0 
7fb046a10000-7fb046a1b000 r-xp 00000000 08:06 7349756                    /usr/lib64/libnss_files-2.22.so
7fb046a1b000-7fb046c1a000 ---p 0000b000 08:06 7349756                    /usr/lib64/libnss_files-2.22.so
7fb046c1a000-7fb046c1b000 r--p 0000a000 08:06 7349756                    /usr/lib64/libnss_files-2.22.so
7fb046c1b000-7fb046c1c000 rw-p 0000b000 08:06 7349756                    /usr/lib64/libnss_files-2.22.so
7fb046c1c000-7fb046c22000 rw-p 00000000 00:00 0 
7fb046c22000-7fb046c4f000 r-xp 00000000 08:06 1573254                    /usr/lib/jvm/java-1.8.0-openjdk-1.8.0.91-1.b14.fc23.x86_64/jre/lib/amd64/libjava.so
7fb046c4f000-7fb046e4f000 ---p 0002d000 08:06 1573254                    /usr/lib/jvm/java-1.8.0-openjdk-1.8.0.91-1.b14.fc23.x86_64/jre/lib/amd64/libjava.so
7fb046e4f000-7fb046e50000 r--p 0002d000 08:06 1573254                    /usr/lib/jvm/java-1.8.0-openjdk-1.8.0.91-1.b14.fc23.x86_64/jre/lib/amd64/libjava.so
7fb046e50000-7fb046e51000 rw-p 0002e000 08:06 1573254                    /usr/lib/jvm/java-1.8.0-openjdk-1.8.0.91-1.b14.fc23.x86_64/jre/lib/amd64/libjava.so
7fb046e51000-7fb046e52000 rw-p 00000000 00:00 0 
7fb046e52000-7fb046e5f000 r-xp 00000000 08:06 1573278                    /usr/lib/jvm/java-1.8.0-openjdk-1.8.0.91-1.b14.fc23.x86_64/jre/lib/amd64/libverify.so
7fb046e5f000-7fb04705e000 ---p 0000d000 08:06 1573278                    /usr/lib/jvm/java-1.8.0-openjdk-1.8.0.91-1.b14.fc23.x86_64/jre/lib/amd64/libverify.so
7fb04705e000-7fb047060000 r--p 0000c000 08:06 1573278                    /usr/lib/jvm/java-1.8.0-openjdk-1.8.0.91-1.b14.fc23.x86_64/jre/lib/amd64/libverify.so
7fb047060000-7fb047061000 rw-p 00000000 00:00 0 
7fb047061000-7fb047068000 r-xp 00000000 08:06 7349759                    /usr/lib64/librt-2.22.so
7fb047068000-7fb047267000 ---p 00007000 08:06 7349759                    /usr/lib64/librt-2.22.so
7fb047267000-7fb047268000 r--p 00006000 08:06 7349759                    /usr/lib64/librt-2.22.so
7fb047268000-7fb047269000 rw-p 00007000 08:06 7349759                    /usr/lib64/librt-2.22.so
7fb047269000-7fb04727f000 r-xp 00000000 08:06 7349225                    /usr/lib64/libgcc_s-5.3.1-20160406.so.1
7fb04727f000-7fb04747e000 ---p 00016000 08:06 7349225                    /usr/lib64/libgcc_s-5.3.1-20160406.so.1
7fb04747e000-7fb04747f000 r--p 00015000 08:06 7349225                    /usr/lib64/libgcc_s-5.3.1-20160406.so.1
7fb04747f000-7fb047480000 rw-p 00016000 08:06 7349225                    /usr/lib64/libgcc_s-5.3.1-20160406.so.1
7fb047480000-7fb047581000 r-xp 00000000 08:06 7349753                    /usr/lib64/libm-2.22.so
7fb047581000-7fb047780000 ---p 00101000 08:06 7349753                    /usr/lib64/libm-2.22.so
7fb047780000-7fb047781000 r--p 00100000 08:06 7349753                    /usr/lib64/libm-2.22.so
7fb047781000-7fb047782000 rw-p 00101000 08:06 7349753                    /usr/lib64/libm-2.22.so
7fb047782000-7fb0478f4000 r-xp 00000000 08:06 7349745                    /usr/lib64/libstdc++.so.6.0.21
7fb0478f4000-7fb047af4000 ---p 00172000 08:06 7349745                    /usr/lib64/libstdc++.so.6.0.21
7fb047af4000-7fb047afe000 r--p 00172000 08:06 7349745                    /usr/lib64/libstdc++.so.6.0.21
7fb047afe000-7fb047b00000 rw-p 0017c000 08:06 7349745                    /usr/lib64/libstdc++.so.6.0.21
7fb047b00000-7fb047b04000 rw-p 00000000 00:00 0 
7fb047b04000-7fb04874e000 r-xp 00000000 08:06 1573286                    /usr/lib/jvm/java-1.8.0-openjdk-1.8.0.91-1.b14.fc23.x86_64/jre/lib/amd64/server/libjvm.so
7fb04874e000-7fb04894d000 ---p 00c4a000 08:06 1573286                    /usr/lib/jvm/java-1.8.0-openjdk-1.8.0.91-1.b14.fc23.x86_64/jre/lib/amd64/server/libjvm.so
7fb04894d000-7fb0489e0000 r--p 00e49000 08:06 1573286                    /usr/lib/jvm/java-1.8.0-openjdk-1.8.0.91-1.b14.fc23.x86_64/jre/lib/amd64/server/libjvm.so
7fb0489e0000-7fb048a08000 rw-p 00edc000 08:06 1573286                    /usr/lib/jvm/java-1.8.0-openjdk-1.8.0.91-1.b14.fc23.x86_64/jre/lib/amd64/server/libjvm.so
7fb048a08000-7fb048a38000 rw-p 00000000 00:00 0 
7fb048a38000-7fb048bef000 r-xp 00000000 08:06 7347928                    /usr/lib64/libc-2.22.so
7fb048bef000-7fb048def000 ---p 001b7000 08:06 7347928                    /usr/lib64/libc-2.22.so
7fb048def000-7fb048df3000 r--p 001b7000 08:06 7347928                    /usr/lib64/libc-2.22.so
7fb048df3000-7fb048df5000 rw-p 001bb000 08:06 7347928                    /usr/lib64/libc-2.22.so
7fb048df5000-7fb048df9000 rw-p 00000000 00:00 0 
7fb048df9000-7fb048dfc000 r-xp 00000000 08:06 7349752                    /usr/lib64/libdl-2.22.so
7fb048dfc000-7fb048ffb000 ---p 00003000 08:06 7349752                    /usr/lib64/libdl-2.22.so
7fb048ffb000-7fb048ffc000 r--p 00002000 08:06 7349752                    /usr/lib64/libdl-2.22.so
7fb048ffc000-7fb048ffd000 rw-p 00003000 08:06 7349752                    /usr/lib64/libdl-2.22.so
7fb048ffd000-7fb04900a000 r-xp 00000000 08:06 8008637                    /usr/lib/jvm/java-1.8.0-openjdk-1.8.0.91-1.b14.fc23.x86_64/lib/amd64/jli/libjli.so
7fb04900a000-7fb04920a000 ---p 0000d000 08:06 8008637                    /usr/lib/jvm/java-1.8.0-openjdk-1.8.0.91-1.b14.fc23.x86_64/lib/amd64/jli/libjli.so
7fb04920a000-7fb04920b000 r--p 0000d000 08:06 8008637                    /usr/lib/jvm/java-1.8.0-openjdk-1.8.0.91-1.b14.fc23.x86_64/lib/amd64/jli/libjli.so
7fb04920b000-7fb04920c000 rw-p 00000000 00:00 0 
7fb04920c000-7fb049221000 r-xp 00000000 08:06 7347708                    /usr/lib64/libz.so.1.2.8
7fb049221000-7fb049420000 ---p 00015000 08:06 7347708                    /usr/lib64/libz.so.1.2.8
7fb049420000-7fb049421000 r--p 00014000 08:06 7347708                    /usr/lib64/libz.so.1.2.8
7fb049421000-7fb049422000 rw-p 00015000 08:06 7347708                    /usr/lib64/libz.so.1.2.8
7fb049422000-7fb04943a000 r-xp 00000000 08:06 7348496                    /usr/lib64/libpthread-2.22.so
7fb04943a000-7fb049639000 ---p 00018000 08:06 7348496                    /usr/lib64/libpthread-2.22.so
7fb049639000-7fb04963a000 r--p 00017000 08:06 7348496                    /usr/lib64/libpthread-2.22.so
7fb04963a000-7fb04963b000 rw-p 00018000 08:06 7348496                    /usr/lib64/libpthread-2.22.so
7fb04963b000-7fb04963f000 rw-p 00000000 00:00 0 
7fb04963f000-7fb049660000 r-xp 00000000 08:06 7349744                    /usr/lib64/ld-2.22.so
7fb049660000-7fb049669000 r--s 0006f000 08:06 6162908                    /home/igobet/.m2/repository/log4j/log4j/1.2.17/log4j-1.2.17.jar
7fb049669000-7fb04966e000 r--s 00028000 08:06 9448173                    /home/igobet/.m2/repository/org/ghost4j/ghost4j/1.0.1/ghost4j-1.0.1.jar
7fb04966e000-7fb049739000 rw-p 00000000 00:00 0 
7fb049739000-7fb04973c000 ---p 00000000 00:00 0 
7fb04973c000-7fb04983f000 rw-p 00000000 00:00 0                          [stack:31587]
7fb04983f000-7fb049840000 r--s 0000a000 08:06 6555302                    /home/igobet/.m2/repository/asm/asm/3.3.1/asm-3.3.1.jar
7fb049840000-7fb049842000 r--s 0000d000 08:06 6428952                    /home/igobet/.m2/repository/commons-logging/commons-logging/1.1.1/commons-logging-1.1.1.jar
7fb049842000-7fb04984d000 r--s 00088000 08:06 9448171                    /home/igobet/.m2/repository/com/github/jai-imageio/jai-imageio-core/1.3.1/jai-imageio-core-1.3.1.jar
7fb04984d000-7fb049851000 r--s 00112000 08:06 9448169                    /home/igobet/.m2/repository/net/java/dev/jna/jna/4.2.2/jna-4.2.2.jar
7fb049851000-7fb049854000 r--s 02008000 08:06 9448167                    /home/igobet/.m2/repository/net/sourceforge/tess4j/tess4j/3.1.0/tess4j-3.1.0.jar
7fb049854000-7fb04985c000 rw-s 00000000 00:24 321289                     /tmp/hsperfdata_igobet/31580
7fb04985c000-7fb04985d000 rw-p 00000000 00:00 0 
7fb04985d000-7fb04985e000 r--p 00000000 00:00 0 
7fb04985e000-7fb04985f000 rw-p 00000000 00:00 0 
7fb04985f000-7fb049860000 r--p 00020000 08:06 7349744                    /usr/lib64/ld-2.22.so
7fb049860000-7fb049861000 rw-p 00021000 08:06 7349744                    /usr/lib64/ld-2.22.so
7fb049861000-7fb049862000 rw-p 00000000 00:00 0 
7ffdb940a000-7ffdb942b000 rw-p 00000000 00:00 0                          [stack]
7ffdb9556000-7ffdb9558000 r--p 00000000 00:00 0                          [vvar]
7ffdb9558000-7ffdb955a000 r-xp 00000000 00:00 0                          [vdso]
ffffffffff600000-ffffffffff601000 r-xp 00000000 00:00 0                  [vsyscall]

VM Arguments:
jvm_args: -Dfile.encoding=UTF-8 
java_command: com.unounocuatro.ducit.ducit.App
java_class_path (initial): /home/igobet/ducit/ducit/target/classes:/home/igobet/.m2/repository/net/sourceforge/tess4j/tess4j/3.1.0/tess4j-3.1.0.jar:/home/igobet/.m2/repository/net/java/dev/jna/jna/4.2.2/jna-4.2.2.jar:/home/igobet/.m2/repository/com/github/jai-imageio/jai-imageio-core/1.3.1/jai-imageio-core-1.3.1.jar:/home/igobet/.m2/repository/org/ghost4j/ghost4j/1.0.1/ghost4j-1.0.1.jar:/home/igobet/.m2/repository/log4j/log4j/1.2.17/log4j-1.2.17.jar:/home/igobet/.m2/repository/commons-beanutils/commons-beanutils/1.9.2/commons-beanutils-1.9.2.jar:/home/igobet/.m2/repository/commons-logging/commons-logging/1.1.1/commons-logging-1.1.1.jar:/home/igobet/.m2/repository/commons-collections/commons-collections/3.2.1/commons-collections-3.2.1.jar:/home/igobet/.m2/repository/org/apache/xmlgraphics/xmlgraphics-commons/1.4/xmlgraphics-commons-1.4.jar:/home/igobet/.m2/repository/com/lowagie/itext/2.1.7/itext-2.1.7.jar:/home/igobet/.m2/repository/commons-io/commons-io/2.4/commons-io-2.4.jar:/home/igobet/.m2/repository/net/sourceforge/lept4j/lept4j/1.1.2/lept4j-1.1.2.jar:/home/igobet/.m2/repository/org/rococoa/rococoa-core/0.5/rococoa-core-0.5.jar:/home/igobet/.m2/repository/cglib/cglib/2.2.2/cglib-2.2.2.jar:/home/igobet/.m2/repository/asm/asm/3.3.1/asm-3.3.1.jar:/home/igobet/.m2/repository/ch/qos/logback/logback-classic/1.1.6/logback-classic-1.1.6.jar:/home/igobet/.m2/repository/ch/qos/logback/logback-core/1.1.6/logback-core-1.1.6.jar:/home/igobet/.m2/repository/org/slf4j/slf4j-api/1.7.18/slf4j-api-1.7.18.jar:/home/igobet/.m2/repository/org/slf4j/jul-to-slf4j/1.7.19/jul-to-slf4j-1.7.19.jar:/home/igobet/.m2/repository/org/slf4j/jcl-over-slf4j/1.7.19/jcl-over-slf4j-1.7.19.jar:/home/igobet/.m2/repository/org/slf4j/log4j-over-slf4j/1.7.19/log4j-over-slf4j-1.7.19.jar
Launcher Type: SUN_STANDARD

Environment Variables:
PATH=/usr/lib64/qt-3.3/bin:/usr/local/bin:/usr/local/sbin:/usr/bin:/usr/sbin:/home/igobet/.local/bin:/home/igobet/bin
USERNAME=igobet
SHELL=/bin/bash
DISPLAY=:0

Signal Handlers:
SIGSEGV: [libjvm.so+0xa5f4a0], sa_mask[0]=11111111011111111101111111111110, sa_flags=SA_RESTART|SA_SIGINFO
SIGBUS: [libjvm.so+0xa5f4a0], sa_mask[0]=11111111011111111101111111111110, sa_flags=SA_RESTART|SA_SIGINFO
SIGFPE: [libjvm.so+0x8aaed0], sa_mask[0]=11111111011111111101111111111110, sa_flags=SA_RESTART|SA_SIGINFO
SIGPIPE: [libjvm.so+0x8aaed0], sa_mask[0]=11111111011111111101111111111110, sa_flags=SA_RESTART|SA_SIGINFO
SIGXFSZ: [libjvm.so+0x8aaed0], sa_mask[0]=11111111011111111101111111111110, sa_flags=SA_RESTART|SA_SIGINFO
SIGILL: [libjvm.so+0x8aaed0], sa_mask[0]=11111111011111111101111111111110, sa_flags=SA_RESTART|SA_SIGINFO
SIGUSR1: SIG_DFL, sa_mask[0]=00000000000000000000000000000000, sa_flags=none
SIGUSR2: [libjvm.so+0x8aad80], sa_mask[0]=00100000000000000000000000000000, sa_flags=SA_RESTART|SA_SIGINFO
SIGHUP: [libjvm.so+0x8ab250], sa_mask[0]=11111111011111111101111111111110, sa_flags=SA_RESTART|SA_SIGINFO
SIGINT: [libjvm.so+0x8ab250], sa_mask[0]=11111111011111111101111111111110, sa_flags=SA_RESTART|SA_SIGINFO
SIGTERM: [libjvm.so+0x8ab250], sa_mask[0]=11111111011111111101111111111110, sa_flags=SA_RESTART|SA_SIGINFO
SIGQUIT: [libjvm.so+0x8ab250], sa_mask[0]=11111111011111111101111111111110, sa_flags=SA_RESTART|SA_SIGINFO


---------------  S Y S T E M  ---------------

OS:Fedora release 23 (Twenty Three)

uname:Linux 4.1.13-100.fc21.x86_64 #1 SMP Tue Nov 10 13:13:20 UTC 2015 x86_64
libc:glibc 2.22 NPTL 2.22 
rlimit: STACK 8192k, CORE 0k, NPROC 31585, NOFILE 4096, AS infinity
load average:1.00 0.94 0.85

/proc/meminfo:
MemTotal:        8107676 kB
MemFree:           49452 kB
MemAvailable:    4150540 kB
Buffers:          170708 kB
Cached:          3831128 kB
SwapCached:            0 kB
Active:          5209236 kB
Inactive:        2312000 kB
Active(anon):    3257300 kB
Inactive(anon):   359888 kB
Active(file):    1951936 kB
Inactive(file):  1952112 kB
Unevictable:          64 kB
Mlocked:              64 kB
SwapTotal:      16777212 kB
SwapFree:       16776616 kB
Dirty:               268 kB
Writeback:             0 kB
AnonPages:       3519184 kB
Mapped:           634152 kB
Shmem:             97820 kB
Slab:             304376 kB
SReclaimable:     239448 kB
SUnreclaim:        64928 kB
KernelStack:       14896 kB
PageTables:        68036 kB
NFS_Unstable:          0 kB
Bounce:                0 kB
WritebackTmp:          0 kB
CommitLimit:    20831048 kB
Committed_AS:   11818908 kB
VmallocTotal:   34359738367 kB
VmallocUsed:      147312 kB
VmallocChunk:   34359537660 kB
HardwareCorrupted:     0 kB
AnonHugePages:         0 kB
HugePages_Total:       0
HugePages_Free:        0
HugePages_Rsvd:        0
HugePages_Surp:        0
Hugepagesize:       2048 kB
DirectMap4k:      361668 kB
DirectMap2M:     7958528 kB


CPU:total 4 (4 cores per cpu, 1 threads per core) family 6 model 58 stepping 9, cmov, cx8, fxsr, mmx, sse, sse2, sse3, ssse3, sse4.1, sse4.2, popcnt, avx, aes, clmul, erms, tsc, tscinvbit, tscinv

/proc/cpuinfo:
processor	: 0
vendor_id	: GenuineIntel
cpu family	: 6
model		: 58
model name	: Intel(R) Core(TM) i5-3570 CPU @ 3.40GHz
stepping	: 9
microcode	: 0x1b
cpu MHz		: 3400.000
cache size	: 6144 KB
physical id	: 0
siblings	: 4
core id		: 0
cpu cores	: 4
apicid		: 0
initial apicid	: 0
fpu		: yes
fpu_exception	: yes
cpuid level	: 13
wp		: yes
flags		: fpu vme de pse tsc msr pae mce cx8 apic sep mtrr pge mca cmov pat pse36 clflush dts acpi mmx fxsr sse sse2 ss ht tm pbe syscall nx rdtscp lm constant_tsc arch_perfmon pebs bts rep_good nopl xtopology nonstop_tsc aperfmperf eagerfpu pni pclmulqdq dtes64 monitor ds_cpl vmx smx est tm2 ssse3 cx16 xtpr pdcm pcid sse4_1 sse4_2 x2apic popcnt tsc_deadline_timer aes xsave avx f16c rdrand lahf_lm arat epb pln pts dtherm tpr_shadow vnmi flexpriority ept vpid fsgsbase smep erms xsaveopt
bugs		:
bogomips	: 6784.24
clflush size	: 64
cache_alignment	: 64
address sizes	: 36 bits physical, 48 bits virtual
power management:

processor	: 1
vendor_id	: GenuineIntel
cpu family	: 6
model		: 58
model name	: Intel(R) Core(TM) i5-3570 CPU @ 3.40GHz
stepping	: 9
microcode	: 0x1b
cpu MHz		: 3399.867
cache size	: 6144 KB
physical id	: 0
siblings	: 4
core id		: 1
cpu cores	: 4
apicid		: 2
initial apicid	: 2
fpu		: yes
fpu_exception	: yes
cpuid level	: 13
wp		: yes
flags		: fpu vme de pse tsc msr pae mce cx8 apic sep mtrr pge mca cmov pat pse36 clflush dts acpi mmx fxsr sse sse2 ss ht tm pbe syscall nx rdtscp lm constant_tsc arch_perfmon pebs bts rep_good nopl xtopology nonstop_tsc aperfmperf eagerfpu pni pclmulqdq dtes64 monitor ds_cpl vmx smx est tm2 ssse3 cx16 xtpr pdcm pcid sse4_1 sse4_2 x2apic popcnt tsc_deadline_timer aes xsave avx f16c rdrand lahf_lm arat epb pln pts dtherm tpr_shadow vnmi flexpriority ept vpid fsgsbase smep erms xsaveopt
bugs		:
bogomips	: 6784.24
clflush size	: 64
cache_alignment	: 64
address sizes	: 36 bits physical, 48 bits virtual
power management:

processor	: 2
vendor_id	: GenuineIntel
cpu family	: 6
model		: 58
model name	: Intel(R) Core(TM) i5-3570 CPU @ 3.40GHz
stepping	: 9
microcode	: 0x1b
cpu MHz		: 3400.000
cache size	: 6144 KB
physical id	: 0
siblings	: 4
core id		: 2
cpu cores	: 4
apicid		: 4
initial apicid	: 4
fpu		: yes
fpu_exception	: yes
cpuid level	: 13
wp		: yes
flags		: fpu vme de pse tsc msr pae mce cx8 apic sep mtrr pge mca cmov pat pse36 clflush dts acpi mmx fxsr sse sse2 ss ht tm pbe syscall nx rdtscp lm constant_tsc arch_perfmon pebs bts rep_good nopl xtopology nonstop_tsc aperfmperf eagerfpu pni pclmulqdq dtes64 monitor ds_cpl vmx smx est tm2 ssse3 cx16 xtpr pdcm pcid sse4_1 sse4_2 x2apic popcnt tsc_deadline_timer aes xsave avx f16c rdrand lahf_lm arat epb pln pts dtherm tpr_shadow vnmi flexpriority ept vpid fsgsbase smep erms xsaveopt
bugs		:
bogomips	: 6784.24
clflush size	: 64
cache_alignment	: 64
address sizes	: 36 bits physical, 48 bits virtual
power management:

processor	: 3
vendor_id	: GenuineIntel
cpu family	: 6
model		: 58
model name	: Intel(R) Core(TM) i5-3570 CPU @ 3.40GHz
stepping	: 9
microcode	: 0x1b
cpu MHz		: 3400.000
cache size	: 6144 KB
physical id	: 0
siblings	: 4
core id		: 3
cpu cores	: 4
apicid		: 6
initial apicid	: 6
fpu		: yes
fpu_exception	: yes
cpuid level	: 13
wp		: yes
flags		: fpu vme de pse tsc msr pae mce cx8 apic sep mtrr pge mca cmov pat pse36 clflush dts acpi mmx fxsr sse sse2 ss ht tm pbe syscall nx rdtscp lm constant_tsc arch_perfmon pebs bts rep_good nopl xtopology nonstop_tsc aperfmperf eagerfpu pni pclmulqdq dtes64 monitor ds_cpl vmx smx est tm2 ssse3 cx16 xtpr pdcm pcid sse4_1 sse4_2 x2apic popcnt tsc_deadline_timer aes xsave avx f16c rdrand lahf_lm arat epb pln pts dtherm tpr_shadow vnmi flexpriority ept vpid fsgsbase smep erms xsaveopt
bugs		:
bogomips	: 6784.24
clflush size	: 64
cache_alignment	: 64
address sizes	: 36 bits physical, 48 bits virtual
power management:



Memory: 4k page, physical 8107676k(49452k free), swap 16777212k(16776616k free)

vm_info: OpenJDK 64-Bit Server VM (25.91-b14) for linux-amd64 JRE (1.8.0_91-b14), built on Apr 20 2016 14:20:58 by "mockbuild" with gcc 5.3.1 20160406 (Red Hat 5.3.1-6)

time: Fri May 27 00:46:27 2016
elapsed time: 1 seconds (0d 0h 0m 1s)

